<?xml version="1.0" encoding="UTF-8"?>
<!-- Generated by org.testng.reporters.JUnitXMLReporter -->
<testsuite hostname="ew2vdiw8950" ignored="0" name="LoginPageTest" tests="4" failures="1" timestamp="2019-09-17T19:30:31 IST" time="50.286" errors="0">
  <testcase name="titleTest" time="0.129" classname="com.crm.qa.testCases.LoginPageTest"/>
  <testcase name="validateLogoTest" time="0.09" classname="com.crm.qa.testCases.LoginPageTest"/>
  <testcase name="validateCopyrightTextTest" time="0.054" classname="com.crm.qa.testCases.LoginPageTest">
    <failure type="java.lang.AssertionError" message="validateCopyrightTextTest FAILED">
      <![CDATA[java.lang.AssertionError: validateCopyrightTextTest FAILED
at com.crm.qa.testCases.LoginPageTest.validateCopyrightTextTest(LoginPageTest.java:51)
at java.util.ArrayList.forEach(Unknown Source)
... Removed 28 stack frames]]>
    </failure>
  </testcase> <!-- validateCopyrightTextTest -->
  <testcase name="userLoginTest" time="2.266" classname="com.crm.qa.testCases.LoginPageTest"/>
</testsuite> <!-- LoginPageTest -->
