<?xml version="1.0" encoding="UTF-8"?>
<!-- Generated by org.testng.reporters.JUnitXMLReporter -->
<testsuite hostname="AMITHENS-HP" ignored="0" name="Test" tests="4" failures="1" timestamp="15 Aug 2019 09:59:11 GMT" time="145.394" errors="0">
  <testcase name="validateCoursesPageHeadingTest" time="5.675" classname="com.crm.qa.testCases.CoursesPageTest"/>
  <testcase name="mint1234" time="59.071" classname="com.crm.qa.mintTestCases.MINT1234"/>
  <testcase name="titleTest" time="0.134" classname="com.crm.qa.testCases.LoginPageTest">
    <failure type="org.openqa.selenium.NoSuchSessionException" message="Session ID is null. Using WebDriver after calling quit()?
Build info: version: &amp;apos;3.141.59&amp;apos;, revision: &amp;apos;e82be7d358&amp;apos;, time: &amp;apos;2018-11-14T08:17:03&amp;apos;
System info: host: &amp;apos;AMITHENS-HP&amp;apos;, ip: &amp;apos;192.168.0.102&amp;apos;, os.name: &amp;apos;Windows 10&amp;apos;, os.arch: &amp;apos;amd64&amp;apos;, os.version: &amp;apos;10.0&amp;apos;, java.version: &amp;apos;1.8.0_211&amp;apos;
Driver info: driver.version: RemoteWebDriver">
      <![CDATA[org.openqa.selenium.NoSuchSessionException: Session ID is null. Using WebDriver after calling quit()?
Build info: version: '3.141.59', revision: 'e82be7d358', time: '2018-11-14T08:17:03'
System info: host: 'AMITHENS-HP', ip: '192.168.0.102', os.name: 'Windows 10', os.arch: 'amd64', os.version: '10.0', java.version: '1.8.0_211'
Driver info: driver.version: RemoteWebDriver
at org.openqa.selenium.remote.HttpCommandExecutor.execute(HttpCommandExecutor.java:125)
at org.openqa.selenium.remote.service.DriverCommandExecutor.execute(DriverCommandExecutor.java:83)
at org.openqa.selenium.remote.RemoteWebDriver.execute(RemoteWebDriver.java:552)
at org.openqa.selenium.remote.RemoteWebDriver.execute(RemoteWebDriver.java:609)
at org.openqa.selenium.remote.RemoteWebDriver.getTitle(RemoteWebDriver.java:281)
at com.crm.qa.pages.LoginPage.validateLoginPageTitle(LoginPage.java:38)
at com.crm.qa.testCases.LoginPageTest.titleTest(LoginPageTest.java:28)
... Removed 25 stack frames]]>
    </failure>
  </testcase> <!-- titleTest -->
  <testcase name="validateAdminPageHeadingTest" time="1.703" classname="com.crm.qa.testCases.AdminDashboardPageTest"/>
</testsuite> <!-- Test -->
