<?xml version="1.0" encoding="UTF-8"?>
<!-- Generated by org.testng.reporters.JUnitXMLReporter -->
<testsuite hostname="AMITHENS-HP" ignored="0" name="Command line test" tests="7" failures="1" timestamp="07 Sep 2019 07:43:33 GMT" time="192.044" errors="0">
  <testcase name="validateCoursesPageHeadingTest" time="2.582" classname="com.crm.qa.testCases.CoursesPageTest"/>
  <testcase name="validateAdminPageHeadingTest" time="2.616" classname="com.crm.qa.testCases.AdminDashboardPageTest"/>
  <testcase name="titleTest" time="0.018" classname="com.crm.qa.testCases.LoginPageTest"/>
  <testcase name="verifyElementPresense" time="4.527" classname="com.crm.qa.testCases.AdminDashboardPageTest">
    <failure type="java.lang.AssertionError" message="Element verification failed">
      <![CDATA[java.lang.AssertionError: Element verification failed
at com.crm.qa.base.BaseTest.reportFail(BaseTest.java:107)
at com.crm.qa.testCases.AdminDashboardPageTest.verifyElementPresense(AdminDashboardPageTest.java:47)
... Removed 36 stack frames]]>
    </failure>
  </testcase> <!-- verifyElementPresense -->
  <testcase name="validateLogoTest" time="0.076" classname="com.crm.qa.testCases.LoginPageTest"/>
  <testcase name="validateCopyrightTextTest" time="0.071" classname="com.crm.qa.testCases.LoginPageTest"/>
  <testcase name="userLoginTest" time="2.739" classname="com.crm.qa.testCases.LoginPageTest"/>
</testsuite> <!-- Command line test -->
